[2015.09.13-13.21.50:400][  0]Log file open, 09/13/15 09:21:50
[2015.09.13-13.21.50:400][  0]LogModuleManager:Warning: ModuleManager: Module 'HTTPChunkInstaller' not found - its StaticallyLinkedModuleInitializers function is null.
[2015.09.13-13.21.50:400][  0]LogInit:Display: RandInit(1388751931) SRandInit(1388751932).
[2015.09.13-13.21.50:400][  0]LogTaskGraph: Started task graph with 4 named threads and 5 total threads.
[2015.09.13-13.21.50:400][  0]LogStats: Stats thread started at 0.054306
[2015.09.13-13.21.50:400][  0]LogInit: Version: 4.9.0-2672455+++depot+UE4-Releases+4.9
[2015.09.13-13.21.50:400][  0]LogInit: API Version: 2672455
[2015.09.13-13.21.50:400][  0]LogInit: Compiled (64-bit): Aug 28 2015 12:36:47
[2015.09.13-13.21.50:400][  0]LogInit: Compiled with Visual C++: 18.00.21005.01
[2015.09.13-13.21.50:400][  0]LogInit: Build Configuration: Development
[2015.09.13-13.21.50:400][  0]LogInit: Branch Name: ++depot+UE4-Releases+4.9
[2015.09.13-13.21.50:400][  0]LogInit: Command line: 
[2015.09.13-13.21.50:400][  0]LogInit: Base directory: D:/PackagedUnreal/ShadowsCove/WindowsNoEditor/ShadowsCove/Binaries/Win64/
[2015.09.13-13.21.50:400][  0]LogInit: Rocket: 0
[2015.09.13-13.21.50:401][  0]LogInit: Using libcurl 7.41.0
[2015.09.13-13.21.50:401][  0]LogInit:  - built for x86_64-pc-win32
[2015.09.13-13.21.50:401][  0]LogInit:  - supports SSL with WinSSL
[2015.09.13-13.21.50:401][  0]LogInit:  - other features:
[2015.09.13-13.21.50:401][  0]LogInit:      CURL_VERSION_SSL
[2015.09.13-13.21.50:401][  0]LogInit:      CURL_VERSION_IPV6
[2015.09.13-13.21.50:401][  0]LogInit:      CURL_VERSION_ASYNCHDNS
[2015.09.13-13.21.50:401][  0]LogInit:      CURL_VERSION_LARGEFILE
[2015.09.13-13.21.50:401][  0]LogInit:      CURL_VERSION_IDN
[2015.09.13-13.21.50:401][  0]LogInit:  CurlRequestOptions (configurable via config and command line):
[2015.09.13-13.21.50:401][  0]LogInit:  - bVerifyPeer = true  - Libcurl will verify peer certificate
[2015.09.13-13.21.50:401][  0]LogInit:  - bUseHttpProxy = false  - Libcurl will NOT use HTTP proxy
[2015.09.13-13.21.50:401][  0]LogInit:  - bDontReuseConnections = false  - Libcurl will reuse connections
[2015.09.13-13.21.50:401][  0]LogInit:  - CertBundlePath = nullptr  - Libcurl will use whatever was configured at build time.
[2015.09.13-13.21.50:403][  0]LogInit: Presizing for 0 objects not considered by GC, pre-allocating 0 bytes.
[2015.09.13-13.21.50:408][  0]LogInit: Object subsystem initialized
[2015.09.13-13.21.50:411][  0]LogInit: Selected Device Profile: [WindowsNoEditor]
[2015.09.13-13.21.50:411][  0]LogInit: Applying CVar settings loaded from the selected device profile: [WindowsNoEditor]
[2015.09.13-13.21.50:416][  0]LogInit: Computer: HPDECK
[2015.09.13-13.21.50:416][  0]LogInit: User: Rebel
[2015.09.13-13.21.50:416][  0]LogInit: CPU Page size=4096, Cores=2
[2015.09.13-13.21.50:416][  0]LogInit: High frequency timer resolution =2.533203 MHz
[2015.09.13-13.21.50:416][  0]LogMemory: Memory total: Physical=11.9GB (12GB approx)
[2015.09.13-13.21.50:416][  0]LogMemory: Platform Memory Stats for WindowsNoEditor
[2015.09.13-13.21.50:416][  0]LogMemory: Process Physical Memory: 34.45 MB used, 34.45 MB peak
[2015.09.13-13.21.50:416][  0]LogMemory: Process Virtual Memory: 51.90 MB used, 51.90 MB peak
[2015.09.13-13.21.50:416][  0]LogMemory: Physical Memory: 6230.03 MB used, 12218.15 MB total
[2015.09.13-13.21.50:416][  0]LogMemory: Virtual Memory: 247.10 MB used, 134217728.00 MB total
[2015.09.13-13.21.50:583][  0]LogTextLocalizationManager: No specific translations for ('en-US') exist, so ('en') translations will be used.
[2015.09.13-13.21.50:799][  0]LogD3D11RHI: Found D3D11 adapter 0: NVIDIA GeForce GTX 850M   (Feature Level 11_0)
[2015.09.13-13.21.50:799][  0]LogD3D11RHI: Adapter has 4037MB of dedicated video memory, 0MB of dedicated system memory, and 6109MB of shared system memory, 1 output[s]
[2015.09.13-13.21.50:805][  0]LogD3D11RHI: Found D3D11 adapter 1: Intel(R) HD Graphics Family (Feature Level 11_0)
[2015.09.13-13.21.50:805][  0]LogD3D11RHI: Adapter has 112MB of dedicated video memory, 0MB of dedicated system memory, and 6109MB of shared system memory, 0 output[s]
[2015.09.13-13.21.50:807][  0]LogD3D11RHI: Found D3D11 adapter 2: Microsoft Basic Render Driver (Feature Level 11_0)
[2015.09.13-13.21.50:807][  0]LogD3D11RHI: Adapter has 0MB of dedicated video memory, 0MB of dedicated system memory, and 6109MB of shared system memory, 0 output[s]
[2015.09.13-13.21.50:807][  0]LogD3D11RHI: Chosen D3D11 Adapter Id = 0
[2015.09.13-13.21.50:811][  0]LogD3D11RHI: !Direct3DDevice
[2015.09.13-13.21.50:811][  0]LogRHI: Texture pool is 1361 MB (70% of 1945 MB)
[2015.09.13-13.21.50:824][  0]LogD3D11RHI: Async texture creation enabled
[2015.09.13-13.21.50:992][  0]LogInit: Selected Device Profile: [WindowsNoEditor]
[2015.09.13-13.21.50:993][  0]LogContentStreaming: Texture pool size is 1000.000000MB
[2015.09.13-13.21.51:120][  0]LogInit: WinSock: version 1.1 (2.2), MaxSocks=32767, MaxUdp=65467
[2015.09.13-13.21.51:189][  0]LogWindowsMoviePlayer: Unable to load movie: ../../../ShadowsCove/Content/Movies/Default_Startup.mp4
[2015.09.13-13.21.51:232][  0]LogObj: 23570 objects as part of root set at end of initial load.
[2015.09.13-13.21.51:232][  0]LogUObjectAllocator: 4672416 out of 0 bytes used by permanent object pool.
[2015.09.13-13.21.51:244][  0]LogEngine: Initializing Engine...
[2015.09.13-13.21.51:248][  0]LogHMD: Can't find Oculus library dev build: is proper Runtime installed? Version: 0.6.0.0
[2015.09.13-13.21.51:277][  0]LogHMD: SteamVR failed to initialize.  Err: 108
[2015.09.13-13.21.51:402][  0]LogInit: XAudio2 using 'Speaker/HP (Realtek High Definition Audio)' : 2 channels at 48 kHz using 32 bits per sample (channel mask 0x3)
[2015.09.13-13.21.51:422][  0]LogInit: FAudioDevice initialized.
[2015.09.13-13.21.51:422][  0]LogInit: Texture streaming: Enabled
[2015.09.13-13.21.51:422][  0]LogAnalytics: Creating configured Analytics provider AnalyticsET
[2015.09.13-13.21.51:423][  0]LogAnalytics: [UEGame.UnrealEngine.Release|278A45E340790629AF4002AC246EF8EC|Third Person Game Template] APIServer = http://et2.epicgames.com/ET2/. AppVersion = 4.9.0-2672455+++depot+UE4-Releases+4.9
[2015.09.13-13.21.51:423][  0]LogAnalytics: [UEGame.UnrealEngine.Release|278A45E340790629AF4002AC246EF8EC|Third Person Game Template] SetUserId 55fd29b04c9acef15e7edea56dd7a357|afa1eade2fc949d09291876368e84197|60831c6d-27c2-492e-8cef-84b6d468828f
[2015.09.13-13.21.51:423][  0]LogAnalytics: [UEGame.UnrealEngine.Release|278A45E340790629AF4002AC246EF8EC|Third Person Game Template] AnalyticsET::StartSession
[2015.09.13-13.21.51:436][  0]LogNet: Browse: /Game/ThirdPersonCPP/Maps/ThirdPersonExampleMap?Name=Player
[2015.09.13-13.21.51:437][  0]LogLoad: LoadMap: /Game/ThirdPersonCPP/Maps/ThirdPersonExampleMap?Name=Player
[2015.09.13-13.21.51:455][  0]LogParticles: Destroying 0 GPU particle simulations for FXSystem 0x0000007F11235B40
[2015.09.13-13.21.51:470][  0]LogMemory: Platform Memory Stats for WindowsNoEditor
[2015.09.13-13.21.51:470][  0]LogMemory: Process Physical Memory: 150.47 MB used, 153.46 MB peak
[2015.09.13-13.21.51:470][  0]LogMemory: Process Virtual Memory: 228.43 MB used, 233.08 MB peak
[2015.09.13-13.21.51:470][  0]LogMemory: Physical Memory: 6355.93 MB used, 12218.15 MB total
[2015.09.13-13.21.51:470][  0]LogMemory: Virtual Memory: 581.18 MB used, 134217728.00 MB total
[2015.09.13-13.21.51:470][  0]LogMemory: 
[2015.09.13-13.21.51:471][  0]LogMemory: Allocator Stats for binned:
[2015.09.13-13.21.51:471][  0]LogMemory: Current Memory 44.87 MB used, plus 3.89 MB waste
[2015.09.13-13.21.51:471][  0]LogMemory: Peak Memory 53.28 MB used, plus 3.04 MB waste
[2015.09.13-13.21.51:471][  0]LogMemory: Current OS Memory 48.76 MB, peak 56.32 MB
[2015.09.13-13.21.51:471][  0]LogMemory: Current Waste 0.86 MB, peak 1.09 MB
[2015.09.13-13.21.51:471][  0]LogMemory: Current Used 44.87 MB, peak 53.28 MB
[2015.09.13-13.21.51:471][  0]LogMemory: Current Slack 3.02 MB
[2015.09.13-13.21.51:471][  0]LogMemory: Allocs       122180 Current /  1227523 Total
[2015.09.13-13.21.51:471][  0]LogMemory: 
[2015.09.13-13.21.51:471][  0]LogMemory: Block Size Num Pools Max Pools Cur Allocs Total Allocs Min Req Max Req Mem Used Mem Slack Mem Waste Efficiency
[2015.09.13-13.21.51:471][  0]LogMemory: ---------- --------- --------- ---------- ------------ ------- ------- -------- --------- --------- ----------
[2015.09.13-13.21.51:471][  0]LogMemory:          8         0         0          0            0       8       0       0K        0K        0K    100.00%
[2015.09.13-13.21.51:471][  0]LogMemory:         16         5         5      16587       267686      16      16     259K       61K        0K    100.00%
[2015.09.13-13.21.51:471][  0]LogMemory:         32        12        12      21632       104219      17      32     676K       92K       52K     93.23%
[2015.09.13-13.21.51:471][  0]LogMemory:         48         8         8      10070        44163      33      48     472K       40K       59K     88.48%
[2015.09.13-13.21.51:471][  0]LogMemory:         64        17        17      16811        87580      49      64    1050K       38K      109K     89.98%
[2015.09.13-13.21.51:471][  0]LogMemory:         80         9         9       6894        53798      65      80     538K       38K       42K     92.71%
[2015.09.13-13.21.51:471][  0]LogMemory:         96         5         5       3313        40710      81      96     310K       10K       19K     94.06%
[2015.09.13-13.21.51:471][  0]LogMemory:        112         3         4       1744        22644      97     112     190K        2K       11K     94.27%
[2015.09.13-13.21.51:471][  0]LogMemory:        128        35        35      17877        46906     114     128    2234K        6K       84K     96.25%
[2015.09.13-13.21.51:471][  0]LogMemory:        160         9        15       3528       113985     129     160     551K       25K       43K     92.53%
[2015.09.13-13.21.51:471][  0]LogMemory:        192        19        19       5692       119058     161     192    1067K      148K       77K     93.67%
[2015.09.13-13.21.51:471][  0]LogMemory:        224        20        33       5385       146367     193     224    1177K      101K      102K     92.03%
[2015.09.13-13.21.51:471][  0]LogMemory:        256         4         4        793        71254     226     256     198K       58K       14K     94.53%
[2015.09.13-13.21.51:471][  0]LogMemory:        288         6         6       1183        27757     257     288     332K       52K       17K     95.57%
[2015.09.13-13.21.51:471][  0]LogMemory:        320         4         4        763        21189     290     320     238K       17K       10K     96.09%
[2015.09.13-13.21.51:471][  0]LogMemory:        384        13        13       2122        18372     322     384     795K       34K       93K     88.82%
[2015.09.13-13.21.51:471][  0]LogMemory:        448        13        13       1828        10305     385     448     799K       32K       69K     91.71%
[2015.09.13-13.21.51:471][  0]LogMemory:        512        10        11       1263         5443     449     512     631K        9K       43K     93.28%
[2015.09.13-13.21.51:471][  0]LogMemory:        576         6         6        558         1272     513     576     313K       69K       16K     95.83%
[2015.09.13-13.21.51:471][  0]LogMemory:        640        11        11        712         1218     577     640     445K      257K       25K     96.45%
[2015.09.13-13.21.51:471][  0]LogMemory:        704        11        13        706         1463     641     704     485K      219K       23K     96.73%
[2015.09.13-13.21.51:471][  0]LogMemory:        768         6         6        342         2927     705     768     256K      127K        7K     98.18%
[2015.09.13-13.21.51:471][  0]LogMemory:        896         4         4        216          634     769     896     189K       67K        9K     96.48%
[2015.09.13-13.21.51:471][  0]LogMemory:       1024         3         4        161          559     897    1024     161K       31K        4K     97.92%
[2015.09.13-13.21.51:471][  0]LogMemory:       1168         3         3        116          488    1025    1168     132K       60K        7K     96.35%
[2015.09.13-13.21.51:471][  0]LogMemory:       1360         6         6        223         3268    1172    1360     296K       87K       18K     95.31%
[2015.09.13-13.21.51:471][  0]LogMemory:       1632        10        10        357          734    1361    1632     568K       70K       43K     93.28%
[2015.09.13-13.21.51:471][  0]LogMemory:       2048        11        11        197          856    1633    2048     394K      310K       46K     93.47%
[2015.09.13-13.21.51:471][  0]LogMemory:       2336         3         4         71         3568    2050    2336     161K       31K       18K     90.63%
[2015.09.13-13.21.51:471][  0]LogMemory:       2720         5         5         91          486    2342    2717     241K       78K       12K     96.25%
[2015.09.13-13.21.51:471][  0]LogMemory:       3264         9        10        135         2328    2721    3264     430K      144K       24K     95.83%
[2015.09.13-13.21.51:471][  0]LogMemory:       4096        13        16        174          739    3265    4096     696K      136K       54K     93.51%
[2015.09.13-13.21.51:471][  0]LogMemory:       4672        10        12        113         1593    4101    4666     515K      124K       19K     97.03%
[2015.09.13-13.21.51:471][  0]LogMemory:       5456        12        16        112          422    4673    5421     596K      172K       55K     92.84%
[2015.09.13-13.21.51:471][  0]LogMemory:       6544        14        15         93          305    5465    6537     594K      301K       50K     94.42%
[2015.09.13-13.21.51:471][  0]LogMemory:       8192         9        11         61         1948    6560    8192     488K       88K       61K     89.41%
[2015.09.13-13.21.51:471][  0]LogMemory:       9360         6         6         37          100    8200    9360     338K       46K       18K     95.31%
[2015.09.13-13.21.51:471][  0]LogMemory:      10912         9         9         46           74    9383   10845     490K       86K       33K     94.27%
[2015.09.13-13.21.51:471][  0]LogMemory:      13104         5         5         23           73   10920   13056     294K       26K       22K     93.13%
[2015.09.13-13.21.51:471][  0]LogMemory:      16384         7        10         28          137   13120   16384     448K        0K       31K     93.08%
[2015.09.13-13.21.51:471][  0]LogMemory:      21840        13        15         37           94   16400   21556     789K       43K      130K     84.38%
[2015.09.13-13.21.51:471][  0]LogMemory:      32768         7         8         13           73   21904   32640     416K       32K       85K     81.03%
[2015.09.13-13.21.51:471][  0]LogMemory: 
[2015.09.13-13.21.51:471][  0]LogMemory: 24640K allocated in pools (with 3367K slack and 1654K waste). Efficiency 93.29%
[2015.09.13-13.21.51:471][  0]LogMemory: Allocations 122108 Current / 1226796 Total (in 385 pools)
[2015.09.13-13.21.51:471][  0]LogMemory: 
[2015.09.13-13.21.51:584][  0]LogModuleManager:Warning: ModuleManager: Module 'GameplayDebugger' not found - its StaticallyLinkedModuleInitializers function is null.
[2015.09.13-13.21.51:584][  0]LogAIModule: Creating AISystem for world ThirdPersonExampleMap
[2015.09.13-13.21.51:585][  0]LogWorld: Game class is 'ShadowsCoveGameMode'
[2015.09.13-13.21.51:593][  0]LogWorld: Bringing World /Game/ThirdPersonCPP/Maps/ThirdPersonExampleMap.ThirdPersonExampleMap up for play (max tick rate 0) at 2015.09.13-09.21.51
[2015.09.13-13.21.51:594][  0]LogWorld: Bringing up level for play took: 0.008275
[2015.09.13-13.21.51:596][  0]LogInit:Display: Game Engine Initialized.
[2015.09.13-13.21.51:698][  0]LogLoad: Full Startup: 1.73 seconds (BP compile: 0.00 seconds)
[2015.09.13-13.21.51:778][  0]LogRenderer: Reallocating scene render targets to support 128x128 (Frame:1).
[2015.09.13-13.21.51:893][  1]LogRenderer: Reallocating scene render targets to support 1336x836 (Frame:2).
[2015.09.13-13.22.21:924][792]LogWindowsTextInputMethodSystem:Display: IME system now deactivated.
[2015.09.13-13.22.21:934][792]LogEngine: All Windows Closed
[2015.09.13-13.22.21:934][792]LogWindows: FPlatformMisc::RequestExit(0)
[2015.09.13-13.22.22:528][793]LogExit: Preparing to exit.
[2015.09.13-13.22.22:543][793]LogExit: Game engine shut down
[2015.09.13-13.22.22:543][793]LogParticles: Destroying 0 GPU particle simulations for FXSystem 0x0000007F198B10E0
[2015.09.13-13.22.22:604][793]LogExit: Object subsystem successfully closed.
[2015.09.13-13.22.22:608][793]LogD3D11RHI: Shutdown
[2015.09.13-13.22.22:608][793]LogD3D11RHI: CleanupD3DDevice
[2015.09.13-13.22.22:668][793]LogD3D11RHI: ~FD3D11DynamicRHI
[2015.09.13-13.22.22:668][793]LogModuleManager: Shutting down and abandoning module AutomationWorker (57)
[2015.09.13-13.22.22:668][793]LogModuleManager: Shutting down and abandoning module CharacterAI (56)
[2015.09.13-13.22.22:668][793]LogModuleManager: Shutting down and abandoning module AIModule (54)
[2015.09.13-13.22.22:668][793]LogModuleManager: Shutting down and abandoning module GameLiveStreaming (53)
[2015.09.13-13.22.22:668][793]LogModuleManager: Shutting down and abandoning module StreamingPauseRendering (52)
[2015.09.13-13.22.22:668][793]LogModuleManager: Shutting down and abandoning module AnalyticsET (51)
[2015.09.13-13.22.22:668][793]LogModuleManager: Shutting down and abandoning module Analytics (50)
[2015.09.13-13.22.22:668][793]LogModuleManager: Shutting down and abandoning module ProfilerService (49)
[2015.09.13-13.22.22:775][793]LogModuleManager: Shutting down and abandoning module TaskGraph (48)
[2015.09.13-13.22.22:775][793]LogModuleManager: Shutting down and abandoning module SlateRemote (47)
[2015.09.13-13.22.22:775][793]LogModuleManager: Shutting down and abandoning module HTML5Networking (46)
[2015.09.13-13.22.22:775][793]LogModuleManager: Shutting down and abandoning module SteamVRController (45)
[2015.09.13-13.22.22:775][793]LogModuleManager: Shutting down and abandoning module SteamVR (44)
[2015.09.13-13.22.22:775][793]LogModuleManager: Shutting down and abandoning module ProceduralMeshComponent (43)
[2015.09.13-13.22.22:775][793]LogModuleManager: Shutting down and abandoning module OculusRift (42)
[2015.09.13-13.22.22:775][793]LogModuleManager: Shutting down and abandoning module OculusLibrary (41)
[2015.09.13-13.22.22:775][793]LogModuleManager: Shutting down and abandoning module CustomMeshComponent (40)
[2015.09.13-13.22.22:775][793]LogModuleManager: Shutting down and abandoning module CableComponent (39)
[2015.09.13-13.22.22:775][793]LogModuleManager: Shutting down and abandoning module ArchVisCharacter (38)
[2015.09.13-13.22.22:775][793]LogModuleManager: Shutting down and abandoning module ShadowsCove (37)
[2015.09.13-13.22.22:775][793]LogModuleManager: Shutting down and abandoning module UdpMessaging (36)
[2015.09.13-13.22.22:775][793]LogModuleManager: Shutting down and abandoning module LightPropagationVolumeRuntime (35)
[2015.09.13-13.22.22:775][793]LogModuleManager: Shutting down and abandoning module Paper2D (34)
[2015.09.13-13.22.22:775][793]LogModuleManager: Shutting down and abandoning module Media (33)
[2015.09.13-13.22.22:775][793]LogModuleManager: Shutting down and abandoning module WmfMedia (32)
[2015.09.13-13.22.22:775][793]LogModuleManager: Shutting down and abandoning module WindowsMoviePlayer (31)
[2015.09.13-13.22.22:775][793]LogModuleManager: Shutting down and abandoning module ImageWrapper (30)
[2015.09.13-13.22.22:775][793]LogModuleManager: Shutting down and abandoning module UMG (29)
[2015.09.13-13.22.22:775][793]LogModuleManager: Shutting down and abandoning module Slate (28)
[2015.09.13-13.22.22:775][793]LogModuleManager: Shutting down and abandoning module SessionServices (27)
[2015.09.13-13.22.22:775][793]LogModuleManager: Shutting down and abandoning module Messaging (26)
[2015.09.13-13.22.22:775][793]LogModuleManager: Shutting down and abandoning module HeadMountedDisplay (25)
[2015.09.13-13.22.22:775][793]LogModuleManager: Shutting down and abandoning module XAudio2 (24)
[2015.09.13-13.22.22:775][793]LogModuleManager: Shutting down and abandoning module Networking (22)
[2015.09.13-13.22.22:775][793]LogModuleManager: Shutting down and abandoning module Core (21)
[2015.09.13-13.22.22:775][793]LogModuleManager: Shutting down and abandoning module LeapMotionController (20)
[2015.09.13-13.22.22:788][793]LogModuleManager: Shutting down and abandoning module InputCore (19)
[2015.09.13-13.22.22:788][793]LogModuleManager: Shutting down and abandoning module OnlineSubsystem (17)
[2015.09.13-13.22.22:789][793]LogModuleManager: Shutting down and abandoning module HTTP (16)
[2015.09.13-13.22.24:793][793]LogModuleManager: Shutting down and abandoning module ExampleDeviceProfileSelector (15)
[2015.09.13-13.22.24:793][793]LogModuleManager: Shutting down and abandoning module ShaderCore (14)
[2015.09.13-13.22.24:793][793]LogModuleManager: Shutting down and abandoning module Landscape (13)
[2015.09.13-13.22.24:793][793]LogModuleManager: Shutting down and abandoning module SlateRHIRenderer (12)
[2015.09.13-13.22.24:793][793]LogModuleManager: Shutting down and abandoning module OpenGLDrv (11)
[2015.09.13-13.22.24:793][793]LogModuleManager: Shutting down and abandoning module D3D11RHI (10)
[2015.09.13-13.22.24:793][793]LogModuleManager: Shutting down and abandoning module AnimGraphRuntime (9)
[2015.09.13-13.22.24:793][793]LogModuleManager: Shutting down and abandoning module Renderer (8)
[2015.09.13-13.22.24:793][793]LogModuleManager: Shutting down and abandoning module Engine (7)
[2015.09.13-13.22.24:793][793]LogModuleManager: Shutting down and abandoning module CoreUObject (6)
[2015.09.13-13.22.24:793][793]LogModuleManager: Shutting down and abandoning module NetworkFile (5)
[2015.09.13-13.22.24:793][793]LogModuleManager: Shutting down and abandoning module StreamingFile (4)
[2015.09.13-13.22.24:793][793]LogModuleManager: Shutting down and abandoning module SandboxFile (3)
[2015.09.13-13.22.24:793][793]LogModuleManager: Shutting down and abandoning module PakFile (1)
[2015.09.13-13.22.24:794][793]LogExit: Exiting.
[2015.09.13-13.22.24:795][793]Log file closed, 09/13/15 09:22:24
